C51 COMPILER V9.59.0.0   ANGLE                                                             12/04/2021 12:49:11 PAGE 1   


C51 COMPILER V9.59.0.0, COMPILATION OF MODULE ANGLE
OBJECT MODULE PLACED IN .\Objects\angle.obj
COMPILER INVOKED BY: E:\Keil_v5\C51\BIN\C51.EXE user\angle.c OPTIMIZE(8,SPEED) BROWSE INCDIR(.\user) DEBUG OBJECTEXTEND 
                    -PRINT(.\Listings\angle.lst) TABS(2) OBJECT(.\Objects\angle.obj)

line level    source

   1          #include "angle.h"
   2          
   3          unsigned char receiveData;
   4          int stage;
   5          int angBuff=0;
   6          int ang=0; 
   7          
   8          void InitAng(void){
   9   1        SCON=0X50;      //设置为工作方式1
  10   1        TMOD=0X20;      //设置计数器工作方式2
  11   1        TH1=0xFD; //计数器初始值设置
  12   1        TL1=0xFD;
  13   1        ES=1;       //打开接收中断
  14   1        EA=1;       //打开总中断
  15   1        TR1=1;        //打开计数器
  16   1        TI=1;          //发送中断标记位，如果使用printf函数的必须设置
  17   1      }
  18          
  19          //得到角度
  20          int GetAng(void){
  21   1        int rAng;
  22   1        rAng=(int)(ang*181.0/32768);
  23   1        return rAng;
  24   1      }
  25          
  26          void UsartSendByte(unsigned char byte)
  27          {
  28   1        ES=0;
  29   1        TI=0;
  30   1        SBUF=byte;  //缓冲区装载要发送的字节
  31   1        while(TI==0);//等待发送数据完成，TI标志位会置1
  32   1        TI=0;   //清空发送中断标志位
  33   1        ES=1;
  34   1      }
  35          
  36          //串口重新定向能够使用printf函数
  37          char putchar(char c)
  38          {
  39   1        UsartSendByte(c);
  40   1        return c;
  41   1      }
  42          
  43          void Usart() interrupt 4  //串口中断号
  44          {
  45   1        if(RI){
  46   2          receiveData=SBUF;  //出去接收到的数据   接收中断标志位  
  47   2          if(stage==3){
  48   3            angBuff=angBuff<<8|receiveData;
  49   3            ang=angBuff;
  50   3            stage=0;
  51   3          }
  52   2          if(stage==2){
  53   3            angBuff=(int)receiveData;
  54   3            stage=3;
C51 COMPILER V9.59.0.0   ANGLE                                                             12/04/2021 12:49:11 PAGE 2   

  55   3          }
  56   2          if(receiveData==0x06&&stage==1){
  57   3            stage=2;
  58   3          }
  59   2          if(receiveData==0x03){
  60   3            stage=1;
  61   3          }
  62   2          RI = 0;        //清除接收中断标志位
  63   2        }
  64   1      }


MODULE INFORMATION:   STATIC OVERLAYABLE
   CODE SIZE        =    177    ----
   CONSTANT SIZE    =   ----    ----
   XDATA SIZE       =   ----    ----
   PDATA SIZE       =   ----    ----
   DATA SIZE        =      7    ----
   IDATA SIZE       =   ----    ----
   BIT SIZE         =   ----    ----
END OF MODULE INFORMATION.


C51 COMPILATION COMPLETE.  0 WARNING(S),  0 ERROR(S)
